<<<<<<< HEAD
  ChildFrm.cpp
  LineDlg.cpp
  MainFrm.cpp
  RotoScope.cpp
  RotoScopeDoc.cpp
C:\Users\aidan\source\repos\471Project2\RotoScope\RotoScopeDoc.cpp(801,13): warning C4244: 'initializing': conversion from 'double' to 'int', possible loss of data
C:\Users\aidan\source\repos\471Project2\RotoScope\RotoScopeDoc.cpp(802,13): warning C4244: 'initializing': conversion from 'double' to 'int', possible loss of data
C:\Users\aidan\source\repos\471Project2\RotoScope\RotoScopeDoc.cpp(1008,13): warning C4244: 'initializing': conversion from 'double' to 'float', possible loss of data
  RotoScopeView.cpp
  armDlg.cpp
  DirSoundSource.cpp
  Generating Code...
  RotoScope.vcxproj -> C:\Users\aidan\Source\Repos\471Project2\Debug\RotoScope.exe
<<<<<<< HEAD
<<<<<<< HEAD
=======
>>>>>>> Added Morph Class
﻿  RotoScopeDoc.cpp
\\mac\Home\Desktop\471Project2\RotoScope\RotoScopeDoc.cpp(802,13): warning C4244: 'initializing': conversion from 'double' to 'int', possible loss of data
\\mac\Home\Desktop\471Project2\RotoScope\RotoScopeDoc.cpp(803,13): warning C4244: 'initializing': conversion from 'double' to 'int', possible loss of data
\\mac\Home\Desktop\471Project2\RotoScope\RotoScopeDoc.cpp(991,13): warning C4244: 'initializing': conversion from 'double' to 'float', possible loss of data
  RotoScope.vcxproj -> \\Mac\Home\Desktop\471Project2\Debug\RotoScope.exe
