\\mac\home\desktop\471project2\rotoscope\debug\rotoscope.res
\\mac\home\desktop\471project2\rotoscope\debug\rotoscope.pch
\\mac\home\desktop\471project2\rotoscope\debug\vc143.pdb
\\mac\home\desktop\471project2\rotoscope\debug\vc143.idb
\\mac\home\desktop\471project2\rotoscope\debug\pch.obj
\\mac\home\desktop\471project2\rotoscope\debug\rotoscopeview.obj
\\mac\home\desktop\471project2\rotoscope\debug\rotoscopedoc.obj
\\mac\home\desktop\471project2\rotoscope\debug\rotoscope.obj
\\mac\home\desktop\471project2\rotoscope\debug\moviesource.obj
\\mac\home\desktop\471project2\rotoscope\debug\moviemake.obj
\\mac\home\desktop\471project2\rotoscope\debug\mainfrm.obj
\\mac\home\desktop\471project2\rotoscope\debug\linedlg.obj
\\mac\home\desktop\471project2\rotoscope\debug\grimage.obj
\\mac\home\desktop\471project2\rotoscope\debug\cpainteffect.obj
\\mac\home\desktop\471project2\rotoscope\debug\cmorph.obj
\\mac\home\desktop\471project2\rotoscope\debug\dirsoundsource.obj
\\mac\home\desktop\471project2\rotoscope\debug\childfrm.obj
\\mac\home\desktop\471project2\rotoscope\debug\cchromakey.obj
\\mac\home\desktop\471project2\rotoscope\debug\cbrushdialog.obj
\\mac\home\desktop\471project2\rotoscope\debug\armdlg.obj
\\mac\home\desktop\471project2\debug\rotoscope.pdb
\\mac\home\desktop\471project2\rotoscope\debug\rotoscope.tlog\link-cvtres.read.1.tlog
\\mac\home\desktop\471project2\rotoscope\debug\rotoscope.tlog\link.read.1.tlog
\\mac\home\desktop\471project2\rotoscope\debug\rotoscope.tlog\link.command.1.tlog
\\mac\home\desktop\471project2\rotoscope\debug\rotoscope.tlog\rc.command.1.tlog
\\mac\home\desktop\471project2\rotoscope\debug\rotoscope.tlog\link.write.1.tlog
\\mac\home\desktop\471project2\rotoscope\debug\rotoscope.tlog\cl.read.1.tlog
\\mac\home\desktop\471project2\rotoscope\debug\rotoscope.tlog\link-rc.write.1.tlog
\\mac\home\desktop\471project2\rotoscope\debug\rotoscope.tlog\rc.write.1.tlog
\\mac\home\desktop\471project2\rotoscope\debug\rotoscope.tlog\link-rc.read.1.tlog
\\mac\home\desktop\471project2\rotoscope\debug\rotoscope.tlog\link-cvtres.write.1.tlog
\\mac\home\desktop\471project2\rotoscope\debug\rotoscope.tlog\cl.command.1.tlog
\\mac\home\desktop\471project2\rotoscope\debug\rotoscope.tlog\rc.read.1.tlog
\\mac\home\desktop\471project2\rotoscope\debug\rotoscope.tlog\link-mt.write.1.tlog
\\mac\home\desktop\471project2\rotoscope\debug\rotoscope.tlog\cl.write.1.tlog
\\mac\home\desktop\471project2\rotoscope\debug\rotoscope.tlog\link-mt.read.1.tlog
\\mac\home\desktop\471project2\rotoscope\debug\rotoscope.tlog\link.read.2.tlog
